
Cadence Innovus(TM) Implementation System.
Copyright 2020 Cadence Design Systems, Inc. All rights reserved worldwide.

Version:	v20.15-s105_1, built Tue Jul 27 14:15:35 PDT 2021
Options:	
Date:		Thu Dec  1 16:14:22 2022
Host:		lab1-15.eng.utah.edu (x86_64 w/Linux 4.18.0-372.19.1.el8_6.x86_64) (8cores*16cpus*Intel(R) Core(TM) i7-10700 CPU @ 2.90GHz 16384KB)
OS:		Red Hat Enterprise Linux release 8.6 (Ootpa)

License:
		invs	Innovus Implementation System	20.1	checkout succeeded
		8 CPU jobs allowed with the current license(s). Use setMultiCpuUsage to set your required CPU count.
Change the soft stacksize limit to 0.2%RAM (128 mbytes). Set global soft_stack_size_limit to change the value.

**INFO:  MMMC transition support version v31-84 

<CMD> set_global _enable_mmmc_by_default_flow      $CTE::mmmc_default
<CMD> suppressMessage ENCEXT-2799
<CMD> win
<CMD> set init_lef_file {/research/ece/lnis-teaching/Designkits/tsmc180nm/full_custom_lib/lef/tech.lef /research/ece/lnis-teaching/Designkits/tsmc180nm/full_custom_lib/lef/sclib_tsmc180.lef /research/ece/lnis-teaching/Designkits/tsmc180nm/full_custom_lib/lef/padlib_tsmc180.lef /research/ece/lnis-teaching/Designkits/tsmc180nm/arm_ip/rf2hs8x8/rf2hsm1wm1.vclef /research/ece/lnis-teaching/Designkits/tsmc180nm/arm_ip/rf2hs8x8/rf2hsm1wm1_ant.lef}
<CMD> set init_mmmc_file CONF/mips.view
<CMD> save_global CONF/mips.globals
<CMD> set init_gnd_net VSS
<CMD> set init_verilog ../design_compiler/HDL/GATE/MAU_mapped.v
<CMD> set init_pwr_net VDD
<CMD> init_design
#% Begin Load MMMC data ... (date=12/01 16:19:30, mem=804.0M)
**ERROR: (TCLCMD-989):	cannot open SDC file '../design_compiler/SDC/mips_mapped.sdc' for mode 'constraint'
<CMD> set init_gnd_net VSS
<CMD> set init_verilog ../design_compiler/HDL/GATE/MAU_mapped.v
<CMD> set init_pwr_net VDD
<CMD> init_design
% Begin Load MMMC data ... (date=12/01 16:19:41, mem=804.3M)
Extraction setup Started 
Extraction setup Started 
**ERROR: (TCLCMD-989):	cannot open SDC file '../design_compiler/SDC/mips_mapped.sdc' for mode 'constraint'
<CMD> set init_gnd_net VSS
<CMD> set init_verilog ../design_compiler/HDL/GATE/MAU_mapped.v
<CMD> set init_pwr_net VDD
<CMD> init_design
% Begin Load MMMC data ... (date=12/01 16:19:41, mem=804.6M)
Extraction setup Started 
Extraction setup Started 
**ERROR: (TCLCMD-989):	cannot open SDC file '../design_compiler/SDC/mips_mapped.sdc' for mode 'constraint'
<CMD> set init_gnd_net VSS
<CMD> set init_verilog ../design_compiler/HDL/GATE/MAU_mapped.v
<CMD> set init_pwr_net VDD
<CMD> init_design
% Begin Load MMMC data ... (date=12/01 16:19:41, mem=804.6M)
Extraction setup Started 
Extraction setup Started 
**ERROR: (TCLCMD-989):	cannot open SDC file '../design_compiler/SDC/mips_mapped.sdc' for mode 'constraint'

--------------------------------------------------------------------------------
Exiting Innovus on Thu Dec  1 16:20:10 2022
  Total CPU time:     0:00:42
  Total real time:    0:05:49
  Peak memory (main): 816.52MB


*** Memory Usage v#1 (Current mem = 791.598M, initial mem = 290.191M) ***
*** Message Summary: 0 warning(s), 4 error(s)

--- Ending "Innovus" (totcpu=0:00:42.5, real=0:05:48, mem=791.6M) ---
