###############################################################
#  Generated by:      Cadence Innovus 20.15-s105_1
#  OS:                Linux x86_64(Host ID lab1-15.eng.utah.edu)
#  Generated on:      Thu Dec  1 19:52:02 2022
#  Design:            MAU_top_pads
#  Command:           checkPlace RPT/mau.checkPlace.rpt
###############################################################

#########################################################
### IO instance overlapping with  other IO instance>
### (Using {} to escape special chars in IO Inst names)
set pchkIoOverlapList [list \
	{corner3} \
	{corner2} \
	{corner1} \
	{corner0} \
	]

## Summary: 
#########################################################
## Number of Placed Instances = 94608
## Number of Unplaced Instances = 0
## Placement Density:69.82%(1230381/1762197)
## Placement Density (including fixed std cells):69.82%(1230381/1762197)
