###############################################################
#  Generated by:      Cadence Innovus 20.15-s105_1
#  OS:                Linux x86_64(Host ID lab1-4.eng.utah.edu)
#  Generated on:      Fri Dec  2 13:48:32 2022
#  Design:            MAU_mapped_pads
#  Command:           summaryReport -noHtml -outfile ./RPT/summary_report.rpt
###############################################################


==============================
General Design Information
==============================
Design Status: Routed  
Design Name: MAU_mapped_pads  
# Instances: 209256  
# Hard Macros: 0  
# Std Cells: 208805  
    ------------------------------
    Standard Cells in Netlist
    ------------------------------
               Cell Type   Instance Count  Area (um^2)  
                  AND2X1             4030       53079.9360  
                   BUFX1             2700       29635.2000  
                DFFQQBX1             1048       57514.2400  
                DFFQSRX1               18        1778.1120  
                  DFFQX1             1017       49115.4048  
                   FILL1            42012       92224.7424  
                  FILL16              312       10958.4384  
                   FILL2            51717      227058.3168  
                  FILL32               37        2599.1168  
                   FILL4            10520       92374.0160  
                   FILL8             2555       44869.8880  
                   INVX1             1553       10227.4368  
                  INVX16                6         158.0544  
                   INVX2             7727       50886.9312  
                   INVX4             1137        9983.7696  
                   INVX8              110        1690.3040  
                  MUX2X1             1089       23905.7280  
                 NAND2X1            58736      644686.3360  
                 NAND3X1             9755      149899.2320  
                  NOR2X1             5900       64758.4000  
                   OR2X1             1824       24024.2688  
                    TIE1                1           8.7808  
                  XOR2X1             5001      120760.1472  
# Pads: 451  
    ------------------------------
    IO Cells in Netlist
    ------------------------------
                I/O Name   Instance Count  
            pad_fill_005              116  
             pad_fill_01              179  
              pad_fill_1                8  
             pad_fill_16               23  
             pad_fill_32               74  
              pad_fill_4               11  
              pad_fill_8                7  
              pad_corner                4  
                 pad_gnd                1  
                 pad_vdd                1  
                 pad_out                9  
                  pad_in               18  
# Net: 103403  
# Special Net: 2  
# IO Pins: 
    ------------------------------
    Issued IO Information
    ------------------------------
    # Unplaced IO Pin  0  
    # Floating IO  0  
    # IO Connected to Non-IO Inst  0  27  
# Pins: 
    ------------------------------
    Correctness of Pin Connectivity for All Instances
    ------------------------------
    # Floating Terms  0  
    # Output Term Marked Tie Hi/Lo  0  
    # Output Term Shorted to PG Net  0  303703  
# PG Pins: 
    ------------------------------
    Correctness of PG Pin Connectivity for All Instances
    ------------------------------
    # Instances that No Net Defined for Any PG Pin  0  
    # Floating PG Terms  0  
    # PG Pins Connect to Non-PG Net  0  
    # Power Pins Connect Ground Net  0  
    # Ground Pins Connect Power Net  0  204206  
Average Pins Per Net(Signal): 2.937  

==============================
General Library Information
==============================
# Routing Layers: 6  
# Masterslice Layers: 2  
# Pin Layers: 
    General Caution:
        1) Library have METAL1, METAL2, METAL3 and METAL6 pins, you should setPlaceMode -prerouteAsObs {1 2 3}                                 to ensure these pins are accessible after placement

    ------------------------------
    Pin Layers
    ------------------------------
    METAL6  
    METAL3  
    METAL2  
    METAL1  4  
# Layers: 
    ------------------------------
    Layer OVERLAP Information
    ------------------------------
    Type  Overlap  
    ------------------------------
    Layer METAL6 Information
    ------------------------------
    Type  Routing  
    Wire Pitch X  0.900 um  
    Wire Pitch Y  0.900 um  
    Offset X  0.280 um  
    Offset Y  0.280 um  
    Wire Width  0.440 um  
    Spacing  0.460 um  
    ------------------------------
    Layer VIA56 Information
    ------------------------------
    Type  Cut  
    Vias  
        ------------------------------
        Via list in layer VIA56
        ------------------------------
               Vias in VIA56  Default  
                    VIA5WEST      Yes  
                    VIA5EAST      Yes  
                        VIA5      Yes  For complete list click here  
    ------------------------------
    Layer METAL5 Information
    ------------------------------
    Type  Routing  
    Wire Pitch X  0.560 um  
    Wire Pitch Y  0.560 um  
    Offset X  0.280 um  
    Offset Y  0.280 um  
    Wire Width  0.280 um  
    Spacing  0.280 um  
    ------------------------------
    Layer VIA45 Information
    ------------------------------
    Type  Cut  
    Vias  
        ------------------------------
        Via list in layer VIA45
        ------------------------------
               Vias in VIA45  Default  
                   VIA4SOUTH      Yes  
                   VIA4NORTH      Yes  
                        VIA4      Yes  For complete list click here  
    ------------------------------
    Layer METAL4 Information
    ------------------------------
    Type  Routing  
    Wire Pitch X  0.560 um  
    Wire Pitch Y  0.560 um  
    Offset X  0.280 um  
    Offset Y  0.280 um  
    Wire Width  0.280 um  
    Spacing  0.280 um  
    ------------------------------
    Layer VIA34 Information
    ------------------------------
    Type  Cut  
    Vias  
        ------------------------------
        Via list in layer VIA34
        ------------------------------
               Vias in VIA34  Default  
                    VIA3WEST      Yes  
                    VIA3EAST      Yes  
                        VIA3      Yes  For complete list click here  
    ------------------------------
    Layer METAL3 Information
    ------------------------------
    Type  Routing  
    Wire Pitch X  0.560 um  
    Wire Pitch Y  0.560 um  
    Offset X  0.280 um  
    Offset Y  0.280 um  
    Wire Width  0.280 um  
    Spacing  0.280 um  
    ------------------------------
    Layer VIA23 Information
    ------------------------------
    Type  Cut  
    Vias  
        ------------------------------
        Via list in layer VIA23
        ------------------------------
               Vias in VIA23  Default  
                   VIA2SOUTH      Yes  
                   VIA2NORTH      Yes  
                        VIA2      Yes  For complete list click here  
    ------------------------------
    Layer METAL2 Information
    ------------------------------
    Type  Routing  
    Wire Pitch X  0.560 um  
    Wire Pitch Y  0.560 um  
    Offset X  0.280 um  
    Offset Y  0.280 um  
    Wire Width  0.280 um  
    Spacing  0.280 um  
    ------------------------------
    Layer VIA12 Information
    ------------------------------
    Type  Cut  
    Vias  
        ------------------------------
        Via list in layer VIA12
        ------------------------------
               Vias in VIA12  Default  
                    VIA12_VV      Yes  
                    VIA12_HH      Yes  
                    VIA12_VH      Yes  
                    VIA12_HV      Yes  For complete list click here  
    ------------------------------
    Layer METAL1 Information
    ------------------------------
    Type  Routing  
    Wire Pitch X  0.560 um  
    Wire Pitch Y  0.560 um  
    Offset X  0.280 um  
    Offset Y  0.280 um  
    Wire Width  0.230 um  
    Spacing  0.230 um  
    ------------------------------
    Layer CONT Information
    ------------------------------
    Type  Cut  
    Vias  
        ------------------------------
        Via list in layer CONT
        ------------------------------  
    ------------------------------
    Layer POLY2 Information
    ------------------------------
    Type  Masterslice  
    ------------------------------
    Layer POLY1 Information
    ------------------------------
    Type  Masterslice  15  
# Pins without Physical Port: 0  
# Pins in Library without Timing Lib: 0  
# Pins Missing Direction: 0  
Antenna Summary Report: 
    General Caution:
    ------------------------------
    These Layers have antenna info
    ------------------------------
    METAL6  
    VIA56  
    METAL5  
    VIA45  
    METAL4  
    VIA34  
    METAL3  
    VIA23  
    METAL2  
    VIA12  
    METAL1  
    ------------------------------
    These Layers have no antenna info
    ------------------------------
    CONT  
    ------------------------------
    These Pins have antenna info
    ------------------------------
               Cell Name      List of Pin Name  
              rf2hsm1wm1                  CLKA  
              rf2hsm1wm1                  CLKB  
              rf2hsm1wm1               WENB[0]  
              rf2hsm1wm1               WENB[1]  
              rf2hsm1wm1               WENB[2]  
              rf2hsm1wm1               WENB[3]  
              rf2hsm1wm1               WENB[4]  
              rf2hsm1wm1               WENB[5]  
              rf2hsm1wm1               WENB[6]  
              rf2hsm1wm1               WENB[7]  
              rf2hsm1wm1                 AA[0]  
              rf2hsm1wm1                 AA[1]  
              rf2hsm1wm1                 AA[2]  
              rf2hsm1wm1                  CENA  
              rf2hsm1wm1                 DB[0]  
              rf2hsm1wm1                 DB[1]  
              rf2hsm1wm1                 DB[2]  
              rf2hsm1wm1                 DB[3]  
              rf2hsm1wm1                 DB[4]  
              rf2hsm1wm1                 DB[5]  
              rf2hsm1wm1                 DB[6]  
              rf2hsm1wm1                 DB[7]  
              rf2hsm1wm1                 AB[0]  
              rf2hsm1wm1                 AB[1]  
              rf2hsm1wm1                 AB[2]  
              rf2hsm1wm1                  CENB  For more information click here  
# Cells Missing LEF Info: 0  
# Cells with Dimension Errors: 
    ------------------------------
    Size of cell is not an integer multiple of its site
    ------------------------------
               Cell Name        Tech Site name  
            pad_fill_005                   pad  
             pad_fill_01                   pad  
              pad_corner                   pad  3  

==============================
Netlist Information
==============================
# HFO (>200) Nets: 0  
# No-driven Nets: 656  
    General Caution:
        1) TODO
    No-driven Nets  
    MAU_dut/MULTIPLIER/SYNOPSYS_UNCONNECTED__511  
    MAU_dut/MULTIPLIER/SYNOPSYS_UNCONNECTED__510  
    MAU_dut/MULTIPLIER/SYNOPSYS_UNCONNECTED__509  
    MAU_dut/MULTIPLIER/SYNOPSYS_UNCONNECTED__508  
    MAU_dut/MULTIPLIER/SYNOPSYS_UNCONNECTED__507  
    MAU_dut/MULTIPLIER/SYNOPSYS_UNCONNECTED__506  
    MAU_dut/MULTIPLIER/SYNOPSYS_UNCONNECTED__505  
    MAU_dut/MULTIPLIER/SYNOPSYS_UNCONNECTED__504  
    MAU_dut/MULTIPLIER/SYNOPSYS_UNCONNECTED__503  
    MAU_dut/MULTIPLIER/SYNOPSYS_UNCONNECTED__502  
    MAU_dut/MULTIPLIER/SYNOPSYS_UNCONNECTED__501  
    MAU_dut/MULTIPLIER/SYNOPSYS_UNCONNECTED__500  
    MAU_dut/MULTIPLIER/SYNOPSYS_UNCONNECTED__499  
    MAU_dut/MULTIPLIER/SYNOPSYS_UNCONNECTED__498  
    MAU_dut/MULTIPLIER/SYNOPSYS_UNCONNECTED__497  
    MAU_dut/MULTIPLIER/SYNOPSYS_UNCONNECTED__496  
    MAU_dut/MULTIPLIER/SYNOPSYS_UNCONNECTED__495  
    MAU_dut/MULTIPLIER/SYNOPSYS_UNCONNECTED__494  
    MAU_dut/MULTIPLIER/SYNOPSYS_UNCONNECTED__493  
    MAU_dut/MULTIPLIER/SYNOPSYS_UNCONNECTED__492  
    MAU_dut/MULTIPLIER/SYNOPSYS_UNCONNECTED__491  
    MAU_dut/MULTIPLIER/SYNOPSYS_UNCONNECTED__490  
    MAU_dut/MULTIPLIER/SYNOPSYS_UNCONNECTED__489  
    MAU_dut/MULTIPLIER/SYNOPSYS_UNCONNECTED__488  
    MAU_dut/MULTIPLIER/SYNOPSYS_UNCONNECTED__487  
    MAU_dut/MULTIPLIER/SYNOPSYS_UNCONNECTED__486  
    MAU_dut/MULTIPLIER/SYNOPSYS_UNCONNECTED__485  
    MAU_dut/MULTIPLIER/SYNOPSYS_UNCONNECTED__484  
    MAU_dut/MULTIPLIER/SYNOPSYS_UNCONNECTED__483  
    MAU_dut/MULTIPLIER/SYNOPSYS_UNCONNECTED__482  
    MAU_dut/MULTIPLIER/SYNOPSYS_UNCONNECTED__481  
    MAU_dut/MULTIPLIER/SYNOPSYS_UNCONNECTED__480  
    MAU_dut/MULTIPLIER/SYNOPSYS_UNCONNECTED__479  
    MAU_dut/MULTIPLIER/SYNOPSYS_UNCONNECTED__478  
    MAU_dut/MULTIPLIER/SYNOPSYS_UNCONNECTED__477  
    MAU_dut/MULTIPLIER/SYNOPSYS_UNCONNECTED__476  
    MAU_dut/MULTIPLIER/SYNOPSYS_UNCONNECTED__475  
    MAU_dut/MULTIPLIER/SYNOPSYS_UNCONNECTED__474  
    MAU_dut/MULTIPLIER/SYNOPSYS_UNCONNECTED__473  
    MAU_dut/MULTIPLIER/SYNOPSYS_UNCONNECTED__472  
    MAU_dut/MULTIPLIER/SYNOPSYS_UNCONNECTED__471  
    MAU_dut/MULTIPLIER/SYNOPSYS_UNCONNECTED__470  
    MAU_dut/MULTIPLIER/SYNOPSYS_UNCONNECTED__469  
    MAU_dut/MULTIPLIER/SYNOPSYS_UNCONNECTED__468  
    MAU_dut/MULTIPLIER/SYNOPSYS_UNCONNECTED__467  
    MAU_dut/MULTIPLIER/SYNOPSYS_UNCONNECTED__466  
    MAU_dut/MULTIPLIER/SYNOPSYS_UNCONNECTED__465  
    MAU_dut/MULTIPLIER/SYNOPSYS_UNCONNECTED__464  
    MAU_dut/MULTIPLIER/SYNOPSYS_UNCONNECTED__463  
    MAU_dut/MULTIPLIER/SYNOPSYS_UNCONNECTED__462  
    MAU_dut/MULTIPLIER/SYNOPSYS_UNCONNECTED__461  
    MAU_dut/MULTIPLIER/SYNOPSYS_UNCONNECTED__460  
    MAU_dut/MULTIPLIER/SYNOPSYS_UNCONNECTED__459  
    MAU_dut/MULTIPLIER/SYNOPSYS_UNCONNECTED__458  
    MAU_dut/MULTIPLIER/SYNOPSYS_UNCONNECTED__457  
    MAU_dut/MULTIPLIER/SYNOPSYS_UNCONNECTED__456  
    MAU_dut/MULTIPLIER/SYNOPSYS_UNCONNECTED__455  
    MAU_dut/MULTIPLIER/SYNOPSYS_UNCONNECTED__454  
    MAU_dut/MULTIPLIER/SYNOPSYS_UNCONNECTED__453  
    MAU_dut/MULTIPLIER/SYNOPSYS_UNCONNECTED__452  
    MAU_dut/MULTIPLIER/SYNOPSYS_UNCONNECTED__451  
    MAU_dut/MULTIPLIER/SYNOPSYS_UNCONNECTED__450  
    MAU_dut/MULTIPLIER/SYNOPSYS_UNCONNECTED__449  
    MAU_dut/MULTIPLIER/SYNOPSYS_UNCONNECTED__448  
    MAU_dut/MULTIPLIER/SYNOPSYS_UNCONNECTED__447  
    MAU_dut/MULTIPLIER/SYNOPSYS_UNCONNECTED__446  
    MAU_dut/MULTIPLIER/SYNOPSYS_UNCONNECTED__445  
    MAU_dut/MULTIPLIER/SYNOPSYS_UNCONNECTED__444  
    MAU_dut/MULTIPLIER/SYNOPSYS_UNCONNECTED__443  
    MAU_dut/MULTIPLIER/SYNOPSYS_UNCONNECTED__442  
    MAU_dut/MULTIPLIER/SYNOPSYS_UNCONNECTED__441  
    MAU_dut/MULTIPLIER/SYNOPSYS_UNCONNECTED__440  
    MAU_dut/MULTIPLIER/SYNOPSYS_UNCONNECTED__439  
    MAU_dut/MULTIPLIER/SYNOPSYS_UNCONNECTED__438  
    MAU_dut/MULTIPLIER/SYNOPSYS_UNCONNECTED__437  
    MAU_dut/MULTIPLIER/SYNOPSYS_UNCONNECTED__436  
    MAU_dut/MULTIPLIER/SYNOPSYS_UNCONNECTED__435  
    MAU_dut/MULTIPLIER/SYNOPSYS_UNCONNECTED__434  
    MAU_dut/MULTIPLIER/SYNOPSYS_UNCONNECTED__433  
    MAU_dut/MULTIPLIER/SYNOPSYS_UNCONNECTED__432  
    MAU_dut/MULTIPLIER/SYNOPSYS_UNCONNECTED__431  
    MAU_dut/MULTIPLIER/SYNOPSYS_UNCONNECTED__430  
    MAU_dut/MULTIPLIER/SYNOPSYS_UNCONNECTED__429  
    MAU_dut/MULTIPLIER/SYNOPSYS_UNCONNECTED__428  
    MAU_dut/MULTIPLIER/SYNOPSYS_UNCONNECTED__427  
    MAU_dut/MULTIPLIER/SYNOPSYS_UNCONNECTED__426  
    MAU_dut/MULTIPLIER/SYNOPSYS_UNCONNECTED__425  
    MAU_dut/MULTIPLIER/SYNOPSYS_UNCONNECTED__424  
    MAU_dut/MULTIPLIER/SYNOPSYS_UNCONNECTED__423  
    MAU_dut/MULTIPLIER/SYNOPSYS_UNCONNECTED__422  
    MAU_dut/MULTIPLIER/SYNOPSYS_UNCONNECTED__421  
    MAU_dut/MULTIPLIER/SYNOPSYS_UNCONNECTED__420  
    MAU_dut/MULTIPLIER/SYNOPSYS_UNCONNECTED__419  
    MAU_dut/MULTIPLIER/SYNOPSYS_UNCONNECTED__418  
    MAU_dut/MULTIPLIER/SYNOPSYS_UNCONNECTED__417  
    MAU_dut/MULTIPLIER/SYNOPSYS_UNCONNECTED__416  
    MAU_dut/MULTIPLIER/SYNOPSYS_UNCONNECTED__415  
    MAU_dut/MULTIPLIER/SYNOPSYS_UNCONNECTED__414  
    MAU_dut/MULTIPLIER/SYNOPSYS_UNCONNECTED__413  
    MAU_dut/MULTIPLIER/SYNOPSYS_UNCONNECTED__412  
    MAU_dut/MULTIPLIER/SYNOPSYS_UNCONNECTED__411  
    MAU_dut/MULTIPLIER/SYNOPSYS_UNCONNECTED__410  
    MAU_dut/MULTIPLIER/SYNOPSYS_UNCONNECTED__409  
    MAU_dut/MULTIPLIER/SYNOPSYS_UNCONNECTED__408  
    MAU_dut/MULTIPLIER/SYNOPSYS_UNCONNECTED__407  
    MAU_dut/MULTIPLIER/SYNOPSYS_UNCONNECTED__406  
    MAU_dut/MULTIPLIER/SYNOPSYS_UNCONNECTED__405  
    MAU_dut/MULTIPLIER/SYNOPSYS_UNCONNECTED__404  
    MAU_dut/MULTIPLIER/SYNOPSYS_UNCONNECTED__403  
    MAU_dut/MULTIPLIER/SYNOPSYS_UNCONNECTED__402  
    MAU_dut/MULTIPLIER/SYNOPSYS_UNCONNECTED__401  
    MAU_dut/MULTIPLIER/SYNOPSYS_UNCONNECTED__400  
    MAU_dut/MULTIPLIER/SYNOPSYS_UNCONNECTED__399  
    MAU_dut/MULTIPLIER/SYNOPSYS_UNCONNECTED__398  
    MAU_dut/MULTIPLIER/SYNOPSYS_UNCONNECTED__397  
    MAU_dut/MULTIPLIER/SYNOPSYS_UNCONNECTED__396  
    MAU_dut/MULTIPLIER/SYNOPSYS_UNCONNECTED__395  
    MAU_dut/MULTIPLIER/SYNOPSYS_UNCONNECTED__394  
    MAU_dut/MULTIPLIER/SYNOPSYS_UNCONNECTED__393  
    MAU_dut/MULTIPLIER/SYNOPSYS_UNCONNECTED__392  
    MAU_dut/MULTIPLIER/SYNOPSYS_UNCONNECTED__391  
    MAU_dut/MULTIPLIER/SYNOPSYS_UNCONNECTED__390  
    MAU_dut/MULTIPLIER/SYNOPSYS_UNCONNECTED__389  
    MAU_dut/MULTIPLIER/SYNOPSYS_UNCONNECTED__388  
    MAU_dut/MULTIPLIER/SYNOPSYS_UNCONNECTED__387  
    MAU_dut/MULTIPLIER/SYNOPSYS_UNCONNECTED__386  
    MAU_dut/MULTIPLIER/SYNOPSYS_UNCONNECTED__385  
    MAU_dut/MULTIPLIER/SYNOPSYS_UNCONNECTED__384  
    MAU_dut/MULTIPLIER/SYNOPSYS_UNCONNECTED__383  
    MAU_dut/MULTIPLIER/SYNOPSYS_UNCONNECTED__382  
    MAU_dut/MULTIPLIER/SYNOPSYS_UNCONNECTED__381  
    MAU_dut/MULTIPLIER/SYNOPSYS_UNCONNECTED__380  
    MAU_dut/MULTIPLIER/SYNOPSYS_UNCONNECTED__379  
    MAU_dut/MULTIPLIER/SYNOPSYS_UNCONNECTED__378  
    MAU_dut/MULTIPLIER/SYNOPSYS_UNCONNECTED__377  
    MAU_dut/MULTIPLIER/SYNOPSYS_UNCONNECTED__376  
    MAU_dut/MULTIPLIER/SYNOPSYS_UNCONNECTED__375  
    MAU_dut/MULTIPLIER/SYNOPSYS_UNCONNECTED__374  
    MAU_dut/MULTIPLIER/SYNOPSYS_UNCONNECTED__373  
    MAU_dut/MULTIPLIER/SYNOPSYS_UNCONNECTED__372  
    MAU_dut/MULTIPLIER/SYNOPSYS_UNCONNECTED__371  
    MAU_dut/MULTIPLIER/SYNOPSYS_UNCONNECTED__370  
    MAU_dut/MULTIPLIER/SYNOPSYS_UNCONNECTED__369  
    MAU_dut/MULTIPLIER/SYNOPSYS_UNCONNECTED__368  
    MAU_dut/MULTIPLIER/SYNOPSYS_UNCONNECTED__367  
    MAU_dut/MULTIPLIER/SYNOPSYS_UNCONNECTED__366  
    MAU_dut/MULTIPLIER/SYNOPSYS_UNCONNECTED__365  
    MAU_dut/MULTIPLIER/SYNOPSYS_UNCONNECTED__364  
    MAU_dut/MULTIPLIER/SYNOPSYS_UNCONNECTED__363  
    MAU_dut/MULTIPLIER/SYNOPSYS_UNCONNECTED__362  
    MAU_dut/MULTIPLIER/SYNOPSYS_UNCONNECTED__361  
    MAU_dut/MULTIPLIER/SYNOPSYS_UNCONNECTED__360  
    MAU_dut/MULTIPLIER/SYNOPSYS_UNCONNECTED__359  
    MAU_dut/MULTIPLIER/SYNOPSYS_UNCONNECTED__358  
    MAU_dut/MULTIPLIER/SYNOPSYS_UNCONNECTED__357  
    MAU_dut/MULTIPLIER/SYNOPSYS_UNCONNECTED__356  
    MAU_dut/MULTIPLIER/SYNOPSYS_UNCONNECTED__355  
    MAU_dut/MULTIPLIER/SYNOPSYS_UNCONNECTED__354  
    MAU_dut/MULTIPLIER/SYNOPSYS_UNCONNECTED__353  
    MAU_dut/MULTIPLIER/SYNOPSYS_UNCONNECTED__352  
    MAU_dut/MULTIPLIER/SYNOPSYS_UNCONNECTED__351  
    MAU_dut/MULTIPLIER/SYNOPSYS_UNCONNECTED__350  
    MAU_dut/MULTIPLIER/SYNOPSYS_UNCONNECTED__349  
    MAU_dut/MULTIPLIER/SYNOPSYS_UNCONNECTED__348  
    MAU_dut/MULTIPLIER/SYNOPSYS_UNCONNECTED__347  
    MAU_dut/MULTIPLIER/SYNOPSYS_UNCONNECTED__346  
    MAU_dut/MULTIPLIER/SYNOPSYS_UNCONNECTED__345  
    MAU_dut/MULTIPLIER/SYNOPSYS_UNCONNECTED__344  
    MAU_dut/MULTIPLIER/SYNOPSYS_UNCONNECTED__343  
    MAU_dut/MULTIPLIER/SYNOPSYS_UNCONNECTED__342  
    MAU_dut/MULTIPLIER/SYNOPSYS_UNCONNECTED__341  
    MAU_dut/MULTIPLIER/SYNOPSYS_UNCONNECTED__340  
    MAU_dut/MULTIPLIER/SYNOPSYS_UNCONNECTED__339  
    MAU_dut/MULTIPLIER/SYNOPSYS_UNCONNECTED__338  
    MAU_dut/MULTIPLIER/SYNOPSYS_UNCONNECTED__337  
    MAU_dut/MULTIPLIER/SYNOPSYS_UNCONNECTED__336  
    MAU_dut/MULTIPLIER/SYNOPSYS_UNCONNECTED__335  
    MAU_dut/MULTIPLIER/SYNOPSYS_UNCONNECTED__334  
    MAU_dut/MULTIPLIER/SYNOPSYS_UNCONNECTED__333  
    MAU_dut/MULTIPLIER/SYNOPSYS_UNCONNECTED__332  
    MAU_dut/MULTIPLIER/SYNOPSYS_UNCONNECTED__331  
    MAU_dut/MULTIPLIER/SYNOPSYS_UNCONNECTED__330  
    MAU_dut/MULTIPLIER/SYNOPSYS_UNCONNECTED__329  
    MAU_dut/MULTIPLIER/SYNOPSYS_UNCONNECTED__328  
    MAU_dut/MULTIPLIER/SYNOPSYS_UNCONNECTED__327  
    MAU_dut/MULTIPLIER/SYNOPSYS_UNCONNECTED__326  
    MAU_dut/MULTIPLIER/SYNOPSYS_UNCONNECTED__325  
    MAU_dut/MULTIPLIER/SYNOPSYS_UNCONNECTED__324  
    MAU_dut/MULTIPLIER/SYNOPSYS_UNCONNECTED__323  
    MAU_dut/MULTIPLIER/SYNOPSYS_UNCONNECTED__322  
    MAU_dut/MULTIPLIER/SYNOPSYS_UNCONNECTED__321  
    MAU_dut/MULTIPLIER/SYNOPSYS_UNCONNECTED__320  
    MAU_dut/MULTIPLIER/SYNOPSYS_UNCONNECTED__319  
    MAU_dut/MULTIPLIER/SYNOPSYS_UNCONNECTED__318  
    MAU_dut/MULTIPLIER/SYNOPSYS_UNCONNECTED__317  
    MAU_dut/MULTIPLIER/SYNOPSYS_UNCONNECTED__316  
    MAU_dut/MULTIPLIER/SYNOPSYS_UNCONNECTED__315  
    MAU_dut/MULTIPLIER/SYNOPSYS_UNCONNECTED__314  
    MAU_dut/MULTIPLIER/SYNOPSYS_UNCONNECTED__313  
    MAU_dut/MULTIPLIER/SYNOPSYS_UNCONNECTED__312  
    MAU_dut/MULTIPLIER/SYNOPSYS_UNCONNECTED__311  
    MAU_dut/MULTIPLIER/SYNOPSYS_UNCONNECTED__310  
    MAU_dut/MULTIPLIER/SYNOPSYS_UNCONNECTED__309  
    MAU_dut/MULTIPLIER/SYNOPSYS_UNCONNECTED__308  
    MAU_dut/MULTIPLIER/SYNOPSYS_UNCONNECTED__307  
    MAU_dut/MULTIPLIER/SYNOPSYS_UNCONNECTED__306  
    MAU_dut/MULTIPLIER/SYNOPSYS_UNCONNECTED__305  
    MAU_dut/MULTIPLIER/SYNOPSYS_UNCONNECTED__304  
    MAU_dut/MULTIPLIER/SYNOPSYS_UNCONNECTED__303  
    MAU_dut/MULTIPLIER/SYNOPSYS_UNCONNECTED__302  
    MAU_dut/MULTIPLIER/SYNOPSYS_UNCONNECTED__301  
    MAU_dut/MULTIPLIER/SYNOPSYS_UNCONNECTED__300  
    MAU_dut/MULTIPLIER/SYNOPSYS_UNCONNECTED__299  
    MAU_dut/MULTIPLIER/SYNOPSYS_UNCONNECTED__298  
    MAU_dut/MULTIPLIER/SYNOPSYS_UNCONNECTED__297  
    MAU_dut/MULTIPLIER/SYNOPSYS_UNCONNECTED__296  
    MAU_dut/MULTIPLIER/SYNOPSYS_UNCONNECTED__295  
    MAU_dut/MULTIPLIER/SYNOPSYS_UNCONNECTED__294  
    MAU_dut/MULTIPLIER/SYNOPSYS_UNCONNECTED__293  
    MAU_dut/MULTIPLIER/SYNOPSYS_UNCONNECTED__292  
    MAU_dut/MULTIPLIER/SYNOPSYS_UNCONNECTED__291  
    MAU_dut/MULTIPLIER/SYNOPSYS_UNCONNECTED__290  
    MAU_dut/MULTIPLIER/SYNOPSYS_UNCONNECTED__289  
    MAU_dut/MULTIPLIER/SYNOPSYS_UNCONNECTED__288  
    MAU_dut/MULTIPLIER/SYNOPSYS_UNCONNECTED__287  
    MAU_dut/MULTIPLIER/SYNOPSYS_UNCONNECTED__286  
    MAU_dut/MULTIPLIER/SYNOPSYS_UNCONNECTED__285  
    MAU_dut/MULTIPLIER/SYNOPSYS_UNCONNECTED__284  
    MAU_dut/MULTIPLIER/SYNOPSYS_UNCONNECTED__283  
    MAU_dut/MULTIPLIER/SYNOPSYS_UNCONNECTED__282  
    MAU_dut/MULTIPLIER/SYNOPSYS_UNCONNECTED__281  
    MAU_dut/MULTIPLIER/SYNOPSYS_UNCONNECTED__280  
    MAU_dut/MULTIPLIER/SYNOPSYS_UNCONNECTED__279  
    MAU_dut/MULTIPLIER/SYNOPSYS_UNCONNECTED__278  
    MAU_dut/MULTIPLIER/SYNOPSYS_UNCONNECTED__277  
    MAU_dut/MULTIPLIER/SYNOPSYS_UNCONNECTED__276  
    MAU_dut/MULTIPLIER/SYNOPSYS_UNCONNECTED__275  
    MAU_dut/MULTIPLIER/SYNOPSYS_UNCONNECTED__274  
    MAU_dut/MULTIPLIER/SYNOPSYS_UNCONNECTED__273  
    MAU_dut/MULTIPLIER/SYNOPSYS_UNCONNECTED__272  
    MAU_dut/MULTIPLIER/SYNOPSYS_UNCONNECTED__271  
    MAU_dut/MULTIPLIER/SYNOPSYS_UNCONNECTED__270  
    MAU_dut/MULTIPLIER/SYNOPSYS_UNCONNECTED__269  
    MAU_dut/MULTIPLIER/SYNOPSYS_UNCONNECTED__268  
    MAU_dut/MULTIPLIER/SYNOPSYS_UNCONNECTED__267  
    MAU_dut/MULTIPLIER/SYNOPSYS_UNCONNECTED__266  
    MAU_dut/MULTIPLIER/SYNOPSYS_UNCONNECTED__265  
    MAU_dut/MULTIPLIER/SYNOPSYS_UNCONNECTED__264  
    MAU_dut/MULTIPLIER/SYNOPSYS_UNCONNECTED__263  
    MAU_dut/MULTIPLIER/SYNOPSYS_UNCONNECTED__262  
    MAU_dut/MULTIPLIER/SYNOPSYS_UNCONNECTED__261  
    MAU_dut/MULTIPLIER/SYNOPSYS_UNCONNECTED__260  
    MAU_dut/MULTIPLIER/SYNOPSYS_UNCONNECTED__259  
    MAU_dut/MULTIPLIER/SYNOPSYS_UNCONNECTED__258  
    MAU_dut/MULTIPLIER/SYNOPSYS_UNCONNECTED__257  
    MAU_dut/MULTIPLIER/SYNOPSYS_UNCONNECTED__256  
    MAU_dut/MULTIPLIER/SYNOPSYS_UNCONNECTED__255  
    MAU_dut/MULTIPLIER/SYNOPSYS_UNCONNECTED__254  
    MAU_dut/MULTIPLIER/SYNOPSYS_UNCONNECTED__253  
    MAU_dut/MULTIPLIER/SYNOPSYS_UNCONNECTED__252  
    MAU_dut/MULTIPLIER/SYNOPSYS_UNCONNECTED__251  
    MAU_dut/MULTIPLIER/SYNOPSYS_UNCONNECTED__250  
    MAU_dut/MULTIPLIER/SYNOPSYS_UNCONNECTED__249  
    MAU_dut/MULTIPLIER/SYNOPSYS_UNCONNECTED__248  
    MAU_dut/MULTIPLIER/SYNOPSYS_UNCONNECTED__247  
    MAU_dut/MULTIPLIER/SYNOPSYS_UNCONNECTED__246  
    MAU_dut/MULTIPLIER/SYNOPSYS_UNCONNECTED__245  
    MAU_dut/MULTIPLIER/SYNOPSYS_UNCONNECTED__244  
    MAU_dut/MULTIPLIER/SYNOPSYS_UNCONNECTED__243  
    MAU_dut/MULTIPLIER/SYNOPSYS_UNCONNECTED__242  
    MAU_dut/MULTIPLIER/SYNOPSYS_UNCONNECTED__241  
    MAU_dut/MULTIPLIER/SYNOPSYS_UNCONNECTED__240  
    MAU_dut/MULTIPLIER/SYNOPSYS_UNCONNECTED__239  
    MAU_dut/MULTIPLIER/SYNOPSYS_UNCONNECTED__238  
    MAU_dut/MULTIPLIER/SYNOPSYS_UNCONNECTED__237  
    MAU_dut/MULTIPLIER/SYNOPSYS_UNCONNECTED__236  
    MAU_dut/MULTIPLIER/SYNOPSYS_UNCONNECTED__235  
    MAU_dut/MULTIPLIER/SYNOPSYS_UNCONNECTED__234  
    MAU_dut/MULTIPLIER/SYNOPSYS_UNCONNECTED__233  
    MAU_dut/MULTIPLIER/SYNOPSYS_UNCONNECTED__232  
    MAU_dut/MULTIPLIER/SYNOPSYS_UNCONNECTED__231  
    MAU_dut/MULTIPLIER/SYNOPSYS_UNCONNECTED__230  
    MAU_dut/MULTIPLIER/SYNOPSYS_UNCONNECTED__229  
    MAU_dut/MULTIPLIER/SYNOPSYS_UNCONNECTED__228  
    MAU_dut/MULTIPLIER/SYNOPSYS_UNCONNECTED__227  
    MAU_dut/MULTIPLIER/SYNOPSYS_UNCONNECTED__226  
    MAU_dut/MULTIPLIER/SYNOPSYS_UNCONNECTED__225  
    MAU_dut/MULTIPLIER/SYNOPSYS_UNCONNECTED__224  
    MAU_dut/MULTIPLIER/SYNOPSYS_UNCONNECTED__223  
    MAU_dut/MULTIPLIER/SYNOPSYS_UNCONNECTED__222  
    MAU_dut/MULTIPLIER/SYNOPSYS_UNCONNECTED__221  
    MAU_dut/MULTIPLIER/SYNOPSYS_UNCONNECTED__220  
    MAU_dut/MULTIPLIER/SYNOPSYS_UNCONNECTED__219  
    MAU_dut/MULTIPLIER/SYNOPSYS_UNCONNECTED__218  
    MAU_dut/MULTIPLIER/SYNOPSYS_UNCONNECTED__217  
    MAU_dut/MULTIPLIER/SYNOPSYS_UNCONNECTED__216  
    MAU_dut/MULTIPLIER/SYNOPSYS_UNCONNECTED__215  
    MAU_dut/MULTIPLIER/SYNOPSYS_UNCONNECTED__214  
    MAU_dut/MULTIPLIER/SYNOPSYS_UNCONNECTED__213  
    MAU_dut/MULTIPLIER/SYNOPSYS_UNCONNECTED__212  
    MAU_dut/MULTIPLIER/SYNOPSYS_UNCONNECTED__211  
    MAU_dut/MULTIPLIER/SYNOPSYS_UNCONNECTED__210  
    MAU_dut/MULTIPLIER/SYNOPSYS_UNCONNECTED__209  
    MAU_dut/MULTIPLIER/SYNOPSYS_UNCONNECTED__208  
    MAU_dut/MULTIPLIER/SYNOPSYS_UNCONNECTED__207  
    MAU_dut/MULTIPLIER/SYNOPSYS_UNCONNECTED__206  
    MAU_dut/MULTIPLIER/SYNOPSYS_UNCONNECTED__205  
    MAU_dut/MULTIPLIER/SYNOPSYS_UNCONNECTED__204  
    MAU_dut/MULTIPLIER/SYNOPSYS_UNCONNECTED__203  
    MAU_dut/MULTIPLIER/SYNOPSYS_UNCONNECTED__202  
    MAU_dut/MULTIPLIER/SYNOPSYS_UNCONNECTED__201  
    MAU_dut/MULTIPLIER/SYNOPSYS_UNCONNECTED__200  
    MAU_dut/MULTIPLIER/SYNOPSYS_UNCONNECTED__199  
    MAU_dut/MULTIPLIER/SYNOPSYS_UNCONNECTED__198  
    MAU_dut/MULTIPLIER/SYNOPSYS_UNCONNECTED__197  
    MAU_dut/MULTIPLIER/SYNOPSYS_UNCONNECTED__196  
    MAU_dut/MULTIPLIER/SYNOPSYS_UNCONNECTED__195  
    MAU_dut/MULTIPLIER/SYNOPSYS_UNCONNECTED__194  
    MAU_dut/MULTIPLIER/SYNOPSYS_UNCONNECTED__193  
    MAU_dut/MULTIPLIER/SYNOPSYS_UNCONNECTED__192  
    MAU_dut/MULTIPLIER/SYNOPSYS_UNCONNECTED__191  
    MAU_dut/MULTIPLIER/SYNOPSYS_UNCONNECTED__190  
    MAU_dut/MULTIPLIER/SYNOPSYS_UNCONNECTED__189  
    MAU_dut/MULTIPLIER/SYNOPSYS_UNCONNECTED__188  
    MAU_dut/MULTIPLIER/SYNOPSYS_UNCONNECTED__187  
    MAU_dut/MULTIPLIER/SYNOPSYS_UNCONNECTED__186  
    MAU_dut/MULTIPLIER/SYNOPSYS_UNCONNECTED__185  
    MAU_dut/MULTIPLIER/SYNOPSYS_UNCONNECTED__184  
    MAU_dut/MULTIPLIER/SYNOPSYS_UNCONNECTED__183  
    MAU_dut/MULTIPLIER/SYNOPSYS_UNCONNECTED__182  
    MAU_dut/MULTIPLIER/SYNOPSYS_UNCONNECTED__181  
    MAU_dut/MULTIPLIER/SYNOPSYS_UNCONNECTED__180  
    MAU_dut/MULTIPLIER/SYNOPSYS_UNCONNECTED__179  
    MAU_dut/MULTIPLIER/SYNOPSYS_UNCONNECTED__178  
    MAU_dut/MULTIPLIER/SYNOPSYS_UNCONNECTED__177  
    MAU_dut/MULTIPLIER/SYNOPSYS_UNCONNECTED__176  
    MAU_dut/MULTIPLIER/SYNOPSYS_UNCONNECTED__175  
    MAU_dut/MULTIPLIER/SYNOPSYS_UNCONNECTED__174  
    MAU_dut/MULTIPLIER/SYNOPSYS_UNCONNECTED__173  
    MAU_dut/MULTIPLIER/SYNOPSYS_UNCONNECTED__172  
    MAU_dut/MULTIPLIER/SYNOPSYS_UNCONNECTED__171  
    MAU_dut/MULTIPLIER/SYNOPSYS_UNCONNECTED__170  
    MAU_dut/MULTIPLIER/SYNOPSYS_UNCONNECTED__169  
    MAU_dut/MULTIPLIER/SYNOPSYS_UNCONNECTED__168  
    MAU_dut/MULTIPLIER/SYNOPSYS_UNCONNECTED__167  
    MAU_dut/MULTIPLIER/SYNOPSYS_UNCONNECTED__166  
    MAU_dut/MULTIPLIER/SYNOPSYS_UNCONNECTED__165  
    MAU_dut/MULTIPLIER/SYNOPSYS_UNCONNECTED__164  
    MAU_dut/MULTIPLIER/SYNOPSYS_UNCONNECTED__163  
    MAU_dut/MULTIPLIER/SYNOPSYS_UNCONNECTED__162  
    MAU_dut/MULTIPLIER/SYNOPSYS_UNCONNECTED__161  
    MAU_dut/MULTIPLIER/SYNOPSYS_UNCONNECTED__160  
    MAU_dut/MULTIPLIER/SYNOPSYS_UNCONNECTED__159  
    MAU_dut/MULTIPLIER/SYNOPSYS_UNCONNECTED__158  
    MAU_dut/MULTIPLIER/SYNOPSYS_UNCONNECTED__157  
    MAU_dut/MULTIPLIER/SYNOPSYS_UNCONNECTED__156  
    MAU_dut/MULTIPLIER/SYNOPSYS_UNCONNECTED__155  
    MAU_dut/MULTIPLIER/SYNOPSYS_UNCONNECTED__154  
    MAU_dut/MULTIPLIER/SYNOPSYS_UNCONNECTED__153  
    MAU_dut/MULTIPLIER/SYNOPSYS_UNCONNECTED__152  
    MAU_dut/MULTIPLIER/SYNOPSYS_UNCONNECTED__151  
    MAU_dut/MULTIPLIER/SYNOPSYS_UNCONNECTED__150  
    MAU_dut/MULTIPLIER/SYNOPSYS_UNCONNECTED__149  
    MAU_dut/MULTIPLIER/SYNOPSYS_UNCONNECTED__148  
    MAU_dut/MULTIPLIER/SYNOPSYS_UNCONNECTED__147  
    MAU_dut/MULTIPLIER/SYNOPSYS_UNCONNECTED__146  
    MAU_dut/MULTIPLIER/SYNOPSYS_UNCONNECTED__145  
    MAU_dut/MULTIPLIER/SYNOPSYS_UNCONNECTED__144  
    MAU_dut/MULTIPLIER/SYNOPSYS_UNCONNECTED__143  
    MAU_dut/MULTIPLIER/SYNOPSYS_UNCONNECTED__142  
    MAU_dut/MULTIPLIER/SYNOPSYS_UNCONNECTED__141  
    MAU_dut/MULTIPLIER/SYNOPSYS_UNCONNECTED__140  
    MAU_dut/MULTIPLIER/SYNOPSYS_UNCONNECTED__139  
    MAU_dut/MULTIPLIER/SYNOPSYS_UNCONNECTED__138  
    MAU_dut/MULTIPLIER/SYNOPSYS_UNCONNECTED__137  
    MAU_dut/MULTIPLIER/SYNOPSYS_UNCONNECTED__136  
    MAU_dut/MULTIPLIER/SYNOPSYS_UNCONNECTED__135  
    MAU_dut/MULTIPLIER/SYNOPSYS_UNCONNECTED__134  
    MAU_dut/MULTIPLIER/SYNOPSYS_UNCONNECTED__133  
    MAU_dut/MULTIPLIER/SYNOPSYS_UNCONNECTED__132  
    MAU_dut/MULTIPLIER/SYNOPSYS_UNCONNECTED__131  
    MAU_dut/MULTIPLIER/SYNOPSYS_UNCONNECTED__130  
    MAU_dut/MULTIPLIER/SYNOPSYS_UNCONNECTED__129  
    MAU_dut/MULTIPLIER/SYNOPSYS_UNCONNECTED__128  
    MAU_dut/MULTIPLIER/SYNOPSYS_UNCONNECTED__127  
    MAU_dut/MULTIPLIER/SYNOPSYS_UNCONNECTED__126  
    MAU_dut/MULTIPLIER/SYNOPSYS_UNCONNECTED__125  
    MAU_dut/MULTIPLIER/SYNOPSYS_UNCONNECTED__124  
    MAU_dut/MULTIPLIER/SYNOPSYS_UNCONNECTED__123  
    MAU_dut/MULTIPLIER/SYNOPSYS_UNCONNECTED__122  
    MAU_dut/MULTIPLIER/SYNOPSYS_UNCONNECTED__121  
    MAU_dut/MULTIPLIER/SYNOPSYS_UNCONNECTED__120  
    MAU_dut/MULTIPLIER/SYNOPSYS_UNCONNECTED__119  
    MAU_dut/MULTIPLIER/SYNOPSYS_UNCONNECTED__118  
    MAU_dut/MULTIPLIER/SYNOPSYS_UNCONNECTED__117  
    MAU_dut/MULTIPLIER/SYNOPSYS_UNCONNECTED__116  
    MAU_dut/MULTIPLIER/SYNOPSYS_UNCONNECTED__115  
    MAU_dut/MULTIPLIER/SYNOPSYS_UNCONNECTED__114  
    MAU_dut/MULTIPLIER/SYNOPSYS_UNCONNECTED__113  
    MAU_dut/MULTIPLIER/SYNOPSYS_UNCONNECTED__112  
    MAU_dut/MULTIPLIER/SYNOPSYS_UNCONNECTED__111  
    MAU_dut/MULTIPLIER/SYNOPSYS_UNCONNECTED__110  
    MAU_dut/MULTIPLIER/SYNOPSYS_UNCONNECTED__109  
    MAU_dut/MULTIPLIER/SYNOPSYS_UNCONNECTED__108  
    MAU_dut/MULTIPLIER/SYNOPSYS_UNCONNECTED__107  
    MAU_dut/MULTIPLIER/SYNOPSYS_UNCONNECTED__106  
    MAU_dut/MULTIPLIER/SYNOPSYS_UNCONNECTED__105  
    MAU_dut/MULTIPLIER/SYNOPSYS_UNCONNECTED__104  
    MAU_dut/MULTIPLIER/SYNOPSYS_UNCONNECTED__103  
    MAU_dut/MULTIPLIER/SYNOPSYS_UNCONNECTED__102  
    MAU_dut/MULTIPLIER/SYNOPSYS_UNCONNECTED__101  
    MAU_dut/MULTIPLIER/SYNOPSYS_UNCONNECTED__100  
    MAU_dut/MULTIPLIER/SYNOPSYS_UNCONNECTED__99  
    MAU_dut/MULTIPLIER/SYNOPSYS_UNCONNECTED__98  
    MAU_dut/MULTIPLIER/SYNOPSYS_UNCONNECTED__97  
    MAU_dut/MULTIPLIER/SYNOPSYS_UNCONNECTED__96  
    MAU_dut/MULTIPLIER/SYNOPSYS_UNCONNECTED__95  
    MAU_dut/MULTIPLIER/SYNOPSYS_UNCONNECTED__94  
    MAU_dut/MULTIPLIER/SYNOPSYS_UNCONNECTED__93  
    MAU_dut/MULTIPLIER/SYNOPSYS_UNCONNECTED__92  
    MAU_dut/MULTIPLIER/SYNOPSYS_UNCONNECTED__91  
    MAU_dut/MULTIPLIER/SYNOPSYS_UNCONNECTED__90  
    MAU_dut/MULTIPLIER/SYNOPSYS_UNCONNECTED__89  
    MAU_dut/MULTIPLIER/SYNOPSYS_UNCONNECTED__88  
    MAU_dut/MULTIPLIER/SYNOPSYS_UNCONNECTED__87  
    MAU_dut/MULTIPLIER/SYNOPSYS_UNCONNECTED__86  
    MAU_dut/MULTIPLIER/SYNOPSYS_UNCONNECTED__85  
    MAU_dut/MULTIPLIER/SYNOPSYS_UNCONNECTED__84  
    MAU_dut/MULTIPLIER/SYNOPSYS_UNCONNECTED__83  
    MAU_dut/MULTIPLIER/SYNOPSYS_UNCONNECTED__82  
    MAU_dut/MULTIPLIER/SYNOPSYS_UNCONNECTED__81  
    MAU_dut/MULTIPLIER/SYNOPSYS_UNCONNECTED__80  
    MAU_dut/MULTIPLIER/SYNOPSYS_UNCONNECTED__79  
    MAU_dut/MULTIPLIER/SYNOPSYS_UNCONNECTED__78  
    MAU_dut/MULTIPLIER/SYNOPSYS_UNCONNECTED__77  
    MAU_dut/MULTIPLIER/SYNOPSYS_UNCONNECTED__76  
    MAU_dut/MULTIPLIER/SYNOPSYS_UNCONNECTED__75  
    MAU_dut/MULTIPLIER/SYNOPSYS_UNCONNECTED__74  
    MAU_dut/MULTIPLIER/SYNOPSYS_UNCONNECTED__73  
    MAU_dut/MULTIPLIER/SYNOPSYS_UNCONNECTED__72  
    MAU_dut/MULTIPLIER/SYNOPSYS_UNCONNECTED__71  
    MAU_dut/MULTIPLIER/SYNOPSYS_UNCONNECTED__70  
    MAU_dut/MULTIPLIER/SYNOPSYS_UNCONNECTED__69  
    MAU_dut/MULTIPLIER/SYNOPSYS_UNCONNECTED__68  
    MAU_dut/MULTIPLIER/SYNOPSYS_UNCONNECTED__67  
    MAU_dut/MULTIPLIER/SYNOPSYS_UNCONNECTED__66  
    MAU_dut/MULTIPLIER/SYNOPSYS_UNCONNECTED__65  
    MAU_dut/MULTIPLIER/SYNOPSYS_UNCONNECTED__64  
    MAU_dut/MULTIPLIER/SYNOPSYS_UNCONNECTED__63  
    MAU_dut/MULTIPLIER/SYNOPSYS_UNCONNECTED__62  
    MAU_dut/MULTIPLIER/SYNOPSYS_UNCONNECTED__61  
    MAU_dut/MULTIPLIER/SYNOPSYS_UNCONNECTED__60  
    MAU_dut/MULTIPLIER/SYNOPSYS_UNCONNECTED__59  
    MAU_dut/MULTIPLIER/SYNOPSYS_UNCONNECTED__58  
    MAU_dut/MULTIPLIER/SYNOPSYS_UNCONNECTED__57  
    MAU_dut/MULTIPLIER/SYNOPSYS_UNCONNECTED__56  
    MAU_dut/MULTIPLIER/SYNOPSYS_UNCONNECTED__55  
    MAU_dut/MULTIPLIER/SYNOPSYS_UNCONNECTED__54  
    MAU_dut/MULTIPLIER/SYNOPSYS_UNCONNECTED__53  
    MAU_dut/MULTIPLIER/SYNOPSYS_UNCONNECTED__52  
    MAU_dut/MULTIPLIER/SYNOPSYS_UNCONNECTED__51  
    MAU_dut/MULTIPLIER/SYNOPSYS_UNCONNECTED__50  
    MAU_dut/MULTIPLIER/SYNOPSYS_UNCONNECTED__49  
    MAU_dut/MULTIPLIER/SYNOPSYS_UNCONNECTED__48  
    MAU_dut/MULTIPLIER/SYNOPSYS_UNCONNECTED__47  
    MAU_dut/MULTIPLIER/SYNOPSYS_UNCONNECTED__46  
    MAU_dut/MULTIPLIER/SYNOPSYS_UNCONNECTED__45  
    MAU_dut/MULTIPLIER/SYNOPSYS_UNCONNECTED__44  
    MAU_dut/MULTIPLIER/SYNOPSYS_UNCONNECTED__43  
    MAU_dut/MULTIPLIER/SYNOPSYS_UNCONNECTED__42  
    MAU_dut/MULTIPLIER/SYNOPSYS_UNCONNECTED__41  
    MAU_dut/MULTIPLIER/SYNOPSYS_UNCONNECTED__40  
    MAU_dut/MULTIPLIER/SYNOPSYS_UNCONNECTED__39  
    MAU_dut/MULTIPLIER/SYNOPSYS_UNCONNECTED__38  
    MAU_dut/MULTIPLIER/SYNOPSYS_UNCONNECTED__37  
    MAU_dut/MULTIPLIER/SYNOPSYS_UNCONNECTED__36  
    MAU_dut/MULTIPLIER/SYNOPSYS_UNCONNECTED__35  
    MAU_dut/MULTIPLIER/SYNOPSYS_UNCONNECTED__34  
    MAU_dut/MULTIPLIER/SYNOPSYS_UNCONNECTED__33  
    MAU_dut/MULTIPLIER/SYNOPSYS_UNCONNECTED__32  
    MAU_dut/MULTIPLIER/SYNOPSYS_UNCONNECTED__31  
    MAU_dut/MULTIPLIER/SYNOPSYS_UNCONNECTED__30  
    MAU_dut/MULTIPLIER/SYNOPSYS_UNCONNECTED__29  
    MAU_dut/MULTIPLIER/SYNOPSYS_UNCONNECTED__28  
    MAU_dut/MULTIPLIER/SYNOPSYS_UNCONNECTED__27  
    MAU_dut/MULTIPLIER/SYNOPSYS_UNCONNECTED__26  
    MAU_dut/MULTIPLIER/SYNOPSYS_UNCONNECTED__25  
    MAU_dut/MULTIPLIER/SYNOPSYS_UNCONNECTED__24  
    MAU_dut/MULTIPLIER/SYNOPSYS_UNCONNECTED__23  
    MAU_dut/MULTIPLIER/SYNOPSYS_UNCONNECTED__22  
    MAU_dut/MULTIPLIER/SYNOPSYS_UNCONNECTED__21  
    MAU_dut/MULTIPLIER/SYNOPSYS_UNCONNECTED__20  
    MAU_dut/MULTIPLIER/SYNOPSYS_UNCONNECTED__19  
    MAU_dut/MULTIPLIER/SYNOPSYS_UNCONNECTED__18  
    MAU_dut/MULTIPLIER/SYNOPSYS_UNCONNECTED__17  
    MAU_dut/MULTIPLIER/SYNOPSYS_UNCONNECTED__16  
    MAU_dut/MULTIPLIER/SYNOPSYS_UNCONNECTED__15  
    MAU_dut/MULTIPLIER/SYNOPSYS_UNCONNECTED__14  
    MAU_dut/MULTIPLIER/SYNOPSYS_UNCONNECTED__13  
    MAU_dut/MULTIPLIER/SYNOPSYS_UNCONNECTED__12  
    MAU_dut/MULTIPLIER/SYNOPSYS_UNCONNECTED__11  
    MAU_dut/MULTIPLIER/SYNOPSYS_UNCONNECTED__10  
    MAU_dut/MULTIPLIER/SYNOPSYS_UNCONNECTED__9  
    MAU_dut/MULTIPLIER/SYNOPSYS_UNCONNECTED__8  
    MAU_dut/MULTIPLIER/SYNOPSYS_UNCONNECTED__7  
    MAU_dut/MULTIPLIER/SYNOPSYS_UNCONNECTED__6  
    MAU_dut/MULTIPLIER/SYNOPSYS_UNCONNECTED__5  
    MAU_dut/MULTIPLIER/SYNOPSYS_UNCONNECTED__4  
    MAU_dut/MULTIPLIER/SYNOPSYS_UNCONNECTED__3  
    MAU_dut/MULTIPLIER/SYNOPSYS_UNCONNECTED__2  
    MAU_dut/MULTIPLIER/SYNOPSYS_UNCONNECTED__1  
    MAU_dut/MULTIPLIER/SYNOPSYS_UNCONNECTED__0  
    MAU_dut/SUBTRACTOR/sub_10/CO  
    MAU_dut/SUBTRACTOR/sub_10_G2/CO  
    MAU_dut/SUBTRACTOR/sub_10_G3/CO  
    MAU_dut/SUBTRACTOR/sub_10_G4/CO  
    MAU_dut/SUBTRACTOR/sub_10_G5/CO  
    MAU_dut/SUBTRACTOR/sub_10_G6/CO  
    MAU_dut/SUBTRACTOR/sub_10_G7/CO  
    MAU_dut/SUBTRACTOR/sub_10_G8/CO  
    MAU_dut/SUBTRACTOR/sub_10_G9/CO  
    MAU_dut/SUBTRACTOR/sub_10_G10/CO  
    MAU_dut/SUBTRACTOR/sub_10_G11/CO  
    MAU_dut/SUBTRACTOR/sub_10_G12/CO  
    MAU_dut/SUBTRACTOR/sub_10_G13/CO  
    MAU_dut/SUBTRACTOR/sub_10_G14/CO  
    MAU_dut/SUBTRACTOR/sub_10_G15/CO  
    MAU_dut/SUBTRACTOR/sub_10_G16/CO  
    MAU_dut/SUBTRACTOR/sub_10_G17/CO  
    MAU_dut/SUBTRACTOR/sub_10_G18/CO  
    MAU_dut/SUBTRACTOR/sub_10_G19/CO  
    MAU_dut/SUBTRACTOR/sub_10_G20/CO  
    MAU_dut/SUBTRACTOR/sub_10_G21/CO  
    MAU_dut/SUBTRACTOR/sub_10_G22/CO  
    MAU_dut/SUBTRACTOR/sub_10_G23/CO  
    MAU_dut/SUBTRACTOR/sub_10_G24/CO  
    MAU_dut/SUBTRACTOR/sub_10_G25/CO  
    MAU_dut/SUBTRACTOR/sub_10_G26/CO  
    MAU_dut/SUBTRACTOR/sub_10_G27/CO  
    MAU_dut/SUBTRACTOR/sub_10_G28/CO  
    MAU_dut/SUBTRACTOR/sub_10_G29/CO  
    MAU_dut/SUBTRACTOR/sub_10_G30/CO  
    MAU_dut/SUBTRACTOR/sub_10_G31/CO  
    MAU_dut/SUBTRACTOR/sub_10_G32/CO  
    MAU_dut/SUBTRACTOR/sub_10_G33/CO  
    MAU_dut/SUBTRACTOR/sub_10_G34/CO  
    MAU_dut/SUBTRACTOR/sub_10_G35/CO  
    MAU_dut/SUBTRACTOR/sub_10_G36/CO  
    MAU_dut/SUBTRACTOR/sub_10_G37/CO  
    MAU_dut/SUBTRACTOR/sub_10_G38/CO  
    MAU_dut/SUBTRACTOR/sub_10_G39/CO  
    MAU_dut/SUBTRACTOR/sub_10_G40/CO  
    MAU_dut/SUBTRACTOR/sub_10_G41/CO  
    MAU_dut/SUBTRACTOR/sub_10_G42/CO  
    MAU_dut/SUBTRACTOR/sub_10_G43/CO  
    MAU_dut/SUBTRACTOR/sub_10_G44/CO  
    MAU_dut/SUBTRACTOR/sub_10_G45/CO  
    MAU_dut/SUBTRACTOR/sub_10_G46/CO  
    MAU_dut/SUBTRACTOR/sub_10_G47/CO  
    MAU_dut/SUBTRACTOR/sub_10_G48/CO  
    MAU_dut/SUBTRACTOR/sub_10_G49/CO  
    MAU_dut/SUBTRACTOR/sub_10_G50/CO  
    MAU_dut/SUBTRACTOR/sub_10_G51/CO  
    MAU_dut/SUBTRACTOR/sub_10_G52/CO  
    MAU_dut/SUBTRACTOR/sub_10_G53/CO  
    MAU_dut/SUBTRACTOR/sub_10_G54/CO  
    MAU_dut/SUBTRACTOR/sub_10_G55/CO  
    MAU_dut/SUBTRACTOR/sub_10_G56/CO  
    MAU_dut/SUBTRACTOR/sub_10_G57/CO  
    MAU_dut/SUBTRACTOR/sub_10_G58/CO  
    MAU_dut/SUBTRACTOR/sub_10_G59/CO  
    MAU_dut/SUBTRACTOR/sub_10_G60/CO  
    MAU_dut/SUBTRACTOR/sub_10_G61/CO  
    MAU_dut/SUBTRACTOR/sub_10_G62/CO  
    MAU_dut/SUBTRACTOR/sub_10_G63/CO  
    MAU_dut/SUBTRACTOR/sub_10_G64/CO  
    MAU_dut/SUBTRACTOR/n64  
    MAU_dut/ADDER/add_10/CO  
    MAU_dut/ADDER/add_10_G2/CO  
    MAU_dut/ADDER/add_10_G3/CO  
    MAU_dut/ADDER/add_10_G4/CO  
    MAU_dut/ADDER/add_10_G5/CO  
    MAU_dut/ADDER/add_10_G6/CO  
    MAU_dut/ADDER/add_10_G7/CO  
    MAU_dut/ADDER/add_10_G8/CO  
    MAU_dut/ADDER/add_10_G9/CO  
    MAU_dut/ADDER/add_10_G10/CO  
    MAU_dut/ADDER/add_10_G11/CO  
    MAU_dut/ADDER/add_10_G12/CO  
    MAU_dut/ADDER/add_10_G13/CO  
    MAU_dut/ADDER/add_10_G14/CO  
    MAU_dut/ADDER/add_10_G15/CO  
    MAU_dut/ADDER/add_10_G16/CO  
    MAU_dut/ADDER/add_10_G17/CO  
    MAU_dut/ADDER/add_10_G18/CO  
    MAU_dut/ADDER/add_10_G19/CO  
    MAU_dut/ADDER/add_10_G20/CO  
    MAU_dut/ADDER/add_10_G21/CO  
    MAU_dut/ADDER/add_10_G22/CO  
    MAU_dut/ADDER/add_10_G23/CO  
    MAU_dut/ADDER/add_10_G24/CO  
    MAU_dut/ADDER/add_10_G25/CO  
    MAU_dut/ADDER/add_10_G26/CO  
    MAU_dut/ADDER/add_10_G27/CO  
    MAU_dut/ADDER/add_10_G28/CO  
    MAU_dut/ADDER/add_10_G29/CO  
    MAU_dut/ADDER/add_10_G30/CO  
    MAU_dut/ADDER/add_10_G31/CO  
    MAU_dut/ADDER/add_10_G32/CO  
    MAU_dut/ADDER/add_10_G33/CO  
    MAU_dut/ADDER/add_10_G34/CO  
    MAU_dut/ADDER/add_10_G35/CO  
    MAU_dut/ADDER/add_10_G36/CO  
    MAU_dut/ADDER/add_10_G37/CO  
    MAU_dut/ADDER/add_10_G38/CO  
    MAU_dut/ADDER/add_10_G39/CO  
    MAU_dut/ADDER/add_10_G40/CO  
    MAU_dut/ADDER/add_10_G41/CO  
    MAU_dut/ADDER/add_10_G42/CO  
    MAU_dut/ADDER/add_10_G43/CO  
    MAU_dut/ADDER/add_10_G44/CO  
    MAU_dut/ADDER/add_10_G45/CO  
    MAU_dut/ADDER/add_10_G46/CO  
    MAU_dut/ADDER/add_10_G47/CO  
    MAU_dut/ADDER/add_10_G48/CO  
    MAU_dut/ADDER/add_10_G49/CO  
    MAU_dut/ADDER/add_10_G50/CO  
    MAU_dut/ADDER/add_10_G51/CO  
    MAU_dut/ADDER/add_10_G52/CO  
    MAU_dut/ADDER/add_10_G53/CO  
    MAU_dut/ADDER/add_10_G54/CO  
    MAU_dut/ADDER/add_10_G55/CO  
    MAU_dut/ADDER/add_10_G56/CO  
    MAU_dut/ADDER/add_10_G57/CO  
    MAU_dut/ADDER/add_10_G58/CO  
    MAU_dut/ADDER/add_10_G59/CO  
    MAU_dut/ADDER/add_10_G60/CO  
    MAU_dut/ADDER/add_10_G61/CO  
    MAU_dut/ADDER/add_10_G62/CO  
    MAU_dut/ADDER/add_10_G63/CO  
    MAU_dut/ADDER/add_10_G64/CO  
    MAU_dut/ADDER/n64  
    MAU_dut/CHIP_FSM/N168  
    MAU_dut/CHIP_FSM/N167  
    MAU_dut/CHIP_FSM/N166  
    MAU_dut/CHIP_FSM/host_instruction[4]  
    MAU_dut/CHIP_FSM/host_instruction[5]  
    MAU_dut/aa_mux_sel[0]  
    MAU_dut/aa_mux_sel[1]  
    MAU_dut/FE_OFN1827_offset_5  
    MAU_dut/FE_OFN1828_offset_5  
    MAU_dut/FE_OFN1829_offset_5  
    MAU_dut/FE_OFN1844_offset_0  
    MAU_dut/FE_OFN1846_offset_0  
    MAU_dut/CHIP_FSM/FE_OFN1726_offset_6  
    MAU_dut/B3/host_input[2]  
# Multi-driven Nets: 0  
# Assign Statements: 0  
Is Design Uniquified: YES  
# Pins in Netlist without timing lib: 0  

==============================

==============================
: Internal  External  
No of Nets:     102745           0  
No of Connections:     200985           0  
Total Net Length (X): 1.7692e+06  0.0000e+00  
Total Net Length (Y): 2.0615e+06  0.0000e+00  
Total Net Length: 3.8307e+06  0.0000e+00  

==============================
Timing Information
==============================
# Clocks in design: 
    ------------------------------
    Clocks in Design
    ------------------------------
    bc/clk  
    wc/clk  2  
# Generated clocks: 0  
# "dont_use" cells from .libs: 
    ------------------------------
    Dont_use Cell List
    ------------------------------
    rf2hsm1wm1  1  
# "dont_touch" cells from .libs: 
    ------------------------------
    Dont_touch Cell List
    ------------------------------
    rf2hsm1wm1  1  
# Cells in .lib with max_tran: 
    ------------------------------
    Cell List with max_tran
    ------------------------------
               Cell Name  Max Transition (ps)  
                  AND2X1  1606  
                 ANTENNA  1606  
                   BUFX1  1606  
                 DFFQBX1  1606  
                DFFQQBX1  1606  
                DFFQSRX1  1606  
                  DFFQX1  1606  
                   INVX1  1606  
                  INVX16  1606  
                   INVX2  1606  
                  INVX32  1606  
                   INVX4  1606  
                   INVX8  1606  
                  MUX2X1  1606  
                 NAND2X1  1606  
                 NAND3X1  1606  
                  NOR2X1  1606  
                   OR2X1  1606  
                    TIE0  1606  
                    TIE1  1606  
                  XOR2X1  1606  21  
# Cells in .lib with max_cap: 
    ------------------------------
    Cell List with max_cap
    ------------------------------
               Cell Name  Max Capacitance (pf)  
                  AND2X1  0.297700  
                   BUFX1  0.297700  
                 DFFQBX1  0.297700  
                DFFQQBX1  0.297700  
                DFFQSRX1  0.297700  
                  DFFQX1  0.297700  
                   INVX1  0.297700  
                  INVX16  0.297700  
                   INVX2  0.297700  
                  INVX32  0.297700  
                   INVX4  0.297700  
                   INVX8  0.297700  
                  MUX2X1  0.297700  
                 NAND2X1  0.297700  
                 NAND3X1  0.297700  
                  NOR2X1  0.297700  
                   OR2X1  0.297700  
                  XOR2X1  0.297700  18  
# Cells in .lib with max_fanout: 0  
SDC max_cap: N/A  
SDC max_tran: N/A  
SDC max_fanout: N/A  
Default Ext. Scale Factor: 1.000  
Detail Ext. Scale Factor: 1.000  

==============================
Floorplan/Placement Information
==============================
Total area of Standard cells: 1762196.800 um^2  
Total area of Standard cells(Subtracting Physical Cells): 1292112.282 um^2  
Total area of Macros: 0.000 um^2  
Total area of Blockages: 0.000 um^2  
Total area of Pad cells: 1493711.296 um^2  
Total area of Core: 1762196.800 um^2  
Total area of Chip: 3365457.280 um^2  
Effective Utilization: 1.0000e+00  
Number of Cell Rows: 338  
% Pure Gate Density #1 (Subtracting BLOCKAGES): 100.000%  
% Pure Gate Density #2 (Subtracting BLOCKAGES and Physical Cells): 73.324%  
% Pure Gate Density #3 (Subtracting MACROS): 100.000%  
% Pure Gate Density #4 (Subtracting MACROS and Physical Cells): 73.324%  
% Pure Gate Density #5 (Subtracting MACROS and BLOCKAGES): 100.000%  
% Pure Gate Density #6 (Subtracting MACROS and BLOCKAGES for insts are not placed): 73.324%  
% Core Density (Counting Std Cells and MACROs): 100.000%  
% Core Density #2(Subtracting Physical Cells): 73.324%  
% Chip Density (Counting Std Cells and MACROs and IOs): 96.745%  
% Chip Density #2(Subtracting Physical Cells): 82.777%  
# Macros within 5 sites of IO pad: No  
Macro halo defined?: No  

==============================
Wire Length Distribution
==============================
Total METAL1 wire length: 0.0000 um  
Total METAL2 wire length: 899288.7550 um  
Total METAL3 wire length: 1151208.9650 um  
Total METAL4 wire length: 1443038.2400 um  
Total METAL5 wire length: 736659.2800 um  
Total METAL6 wire length: 0.0000 um  
Total wire length: 4230195.2400 um  
Average wire length/net: 40.9098 um  
Area of Power Net Distribution: 
    ------------------------------
    Area of Power Net Distribution
    ------------------------------
    Layer Name  Area of Power Net  Routable Area  Percentage  
    METAL1  108831.2707  1762196.8000  6.1759%  
    METAL2  0.0000  1762196.8000  0.0000%  
    METAL3  256.3200  1762196.8000  0.0145%  
    METAL4  16287.3600  1762196.8000  0.9243%  
    METAL5  10917.3201  1762196.8000  0.6195%  
    METAL6  0.0000  1762196.8000  0.0000%  For more information click here  
