###############################################################
#  Generated by:      Cadence Innovus 20.15-s105_1
#  OS:                Linux x86_64(Host ID lab1-4.eng.utah.edu)
#  Generated on:      Fri Dec  2 13:48:29 2022
#  Design:            MAU_mapped_pads
#  Command:           report_timing > ${rpt_dir}/timing_final.rpt
###############################################################
Path 1: VIOLATED Setup Check with Pin MAU_dut/B3/ram_reg[418]/CLK 
Endpoint:   MAU_dut/B3/ram_reg[418]/D     (^) checked with  leading edge of 
'clk'
Beginpoint: MAU_dut/CHIP_FSM/b3_rst_reg/Q (v) triggered by  leading edge of 
'clk'
Path Groups: {clk}
Analysis View: wc
Other End Arrival Time         -0.052
- Setup                         0.255
+ Phase Shift                  10.000
= Required Time                 9.694
- Arrival Time                  9.864
= Slack Time                   -0.171
     Clock Rise Edge                 0.000
     + Clock Network Latency (Prop)  0.008
     = Beginpoint Arrival Time       0.008
     +---------------------------------------------------------------------------------------------------------+ 
     |                     Instance                     |     Arc      |   Cell   | Delay | Arrival | Required | 
     |                                                  |              |          |       |  Time   |   Time   | 
     |--------------------------------------------------+--------------+----------+-------+---------+----------| 
     | MAU_dut/CHIP_FSM/b3_rst_reg                      | CLK ^        |          |       |   0.008 |   -0.163 | 
     | MAU_dut/CHIP_FSM/b3_rst_reg                      | CLK ^ -> Q v | DFFQSRX1 | 0.474 |   0.482 |    0.311 | 
     | MAU_dut/B3/U10                                   | B v -> Z v   | OR2X1    | 0.225 |   0.707 |    0.536 | 
     | MAU_dut/B3/FE_DBTC14_n264                        | A v -> Z ^   | INVX4    | 0.798 |   1.504 |    1.334 | 
     | MAU_dut/B3/FE_OFC411_FE_DBTN14_n264              | A ^ -> Z ^   | BUFX1    | 0.872 |   2.376 |    2.205 | 
     | MAU_dut/B3/U9                                    | B ^ -> Z ^   | OR2X1    | 0.742 |   3.117 |    2.947 | 
     | MAU_dut/B3/FE_DBTC15_n263                        | A ^ -> Z v   | INVX4    | 0.563 |   3.681 |    3.510 | 
     | MAU_dut/B3/FE_OFC7708_FE_DBTN15_n263             | A v -> Z ^   | INVX2    | 0.929 |   4.609 |    4.438 | 
     | MAU_dut/B3/FE_OFC7710_FE_DBTN15_n263             | A ^ -> Z v   | INVX2    | 0.611 |   5.220 |    5.049 | 
     | MAU_dut/B3/FE_OFC8445_FE_OFN22977_FE_DBTN15_n263 | A v -> Z ^   | INVX2    | 0.717 |   5.937 |    5.766 | 
     | MAU_dut/B3/FE_OFC8446_FE_OFN22977_FE_DBTN15_n263 | A ^ -> Z v   | INVX1    | 0.141 |   6.078 |    5.907 | 
     | MAU_dut/B3/FE_OFC5623_FE_DBTN15_n263             | A v -> Z ^   | INVX1    | 0.506 |   6.584 |    6.413 | 
     | MAU_dut/B3/FE_OFC5625_FE_DBTN15_n263             | A ^ -> Z v   | INVX1    | 0.657 |   7.240 |    7.069 | 
     | MAU_dut/B3/FE_OFC6269_FE_DBTN15_n263             | A v -> Z v   | BUFX1    | 0.641 |   7.881 |    7.710 | 
     | MAU_dut/B3/FE_OFC6271_FE_DBTN15_n263             | A v -> Z v   | BUFX1    | 0.736 |   8.617 |    8.447 | 
     | MAU_dut/B3/FE_OFC6272_FE_DBTN15_n263             | A v -> Z v   | BUFX1    | 0.598 |   9.215 |    9.044 | 
     | MAU_dut/B3/U12799                                | A v -> Z ^   | NAND2X1  | 0.345 |   9.560 |    9.390 | 
     | MAU_dut/B3/U12779                                | B ^ -> Z v   | NAND2X1  | 0.129 |   9.690 |    9.519 | 
     | MAU_dut/B3/U12778                                | B v -> Z ^   | NAND2X1  | 0.174 |   9.864 |    9.693 | 
     | MAU_dut/B3/ram_reg[418]                          | D ^          | DFFQX1   | 0.000 |   9.864 |    9.694 | 
     +---------------------------------------------------------------------------------------------------------+ 

